[ 2015-01-28T13:18:29+08:00 ] 192.168.1.111 /index.php/Books/Index/index
INFO: [ app_init ] --START--
INFO: Run Behavior\BuildLiteBehavior [ RunTime:0.000025s ]
INFO: [ app_init ] --END-- [ RunTime:0.000136s ]

[ 2015-01-28T13:19:12+08:00 ] 192.168.1.111 /index.php/Books/Index/index
INFO: [ app_init ] --START--
INFO: Run Behavior\BuildLiteBehavior [ RunTime:0.000023s ]
INFO: [ app_init ] --END-- [ RunTime:0.000115s ]

[ 2015-01-28T13:19:13+08:00 ] 192.168.1.111 /index.php/Books/Index/index
INFO: [ app_init ] --START--
INFO: Run Behavior\BuildLiteBehavior [ RunTime:0.000022s ]
INFO: [ app_init ] --END-- [ RunTime:0.000115s ]

[ 2015-01-28T13:19:14+08:00 ] 192.168.1.111 /index.php/Books/Index/index
INFO: [ app_init ] --START--
INFO: Run Behavior\BuildLiteBehavior [ RunTime:0.000022s ]
INFO: [ app_init ] --END-- [ RunTime:0.000116s ]

[ 2015-01-28T13:19:14+08:00 ] 192.168.1.111 /index.php/Books/Index/index
INFO: [ app_init ] --START--
INFO: Run Behavior\BuildLiteBehavior [ RunTime:0.000022s ]
INFO: [ app_init ] --END-- [ RunTime:0.000117s ]

[ 2015-01-28T13:19:15+08:00 ] 192.168.1.111 /index.php/Books/Index/index
INFO: [ app_init ] --START--
INFO: Run Behavior\BuildLiteBehavior [ RunTime:0.000034s ]
INFO: [ app_init ] --END-- [ RunTime:0.000178s ]

[ 2015-01-28T13:19:15+08:00 ] 192.168.1.111 /index.php/Books/Index/index
INFO: [ app_init ] --START--
INFO: Run Behavior\BuildLiteBehavior [ RunTime:0.000022s ]
INFO: [ app_init ] --END-- [ RunTime:0.000125s ]

[ 2015-01-28T13:20:01+08:00 ] 192.168.1.111 /index.php/Books/Index/index
INFO: [ app_init ] --START--
INFO: Run Behavior\BuildLiteBehavior [ RunTime:0.000037s ]
INFO: [ app_init ] --END-- [ RunTime:0.000153s ]
INFO: [ app_begin ] --START--
INFO: Run Behavior\ReadHtmlCacheBehavior [ RunTime:0.028017s ]
INFO: [ app_begin ] --END-- [ RunTime:0.028161s ]
NOTIC: [8] Undefined index: url D:\WWW\_Yueruan\Books\Controller\IndexController.class.php 第 10 行.
INFO: [ app_end ] --START--
INFO: Run Behavior\ShowPageTraceBehavior [ RunTime:0.018413s ]
INFO: [ app_end ] --END-- [ RunTime:0.018571s ]

[ 2015-01-28T13:21:08+08:00 ] 192.168.1.111 /index.php/Books/Index/novel?nid=4
INFO: [ app_init ] --START--
INFO: Run Behavior\BuildLiteBehavior [ RunTime:0.000023s ]
INFO: [ app_init ] --END-- [ RunTime:0.000121s ]
INFO: [ app_begin ] --START--
INFO: Run Behavior\ReadHtmlCacheBehavior [ RunTime:0.000777s ]
INFO: [ app_begin ] --END-- [ RunTime:0.000870s ]
SQL: PRAGMA table_info( novels ) [ RunTime:0.0022s ]
NOTIC: [8] Undefined index: default D:\WWW\_Core\Library\Think\Db\Driver\Sqlite.class.php 第 60 行.
NOTIC: [8] Undefined index: extra D:\WWW\_Core\Library\Think\Db\Driver\Sqlite.class.php 第 62 行.
NOTIC: [8] Undefined index: default D:\WWW\_Core\Library\Think\Db\Driver\Sqlite.class.php 第 60 行.
NOTIC: [8] Undefined index: extra D:\WWW\_Core\Library\Think\Db\Driver\Sqlite.class.php 第 62 行.
NOTIC: [8] Undefined index: default D:\WWW\_Core\Library\Think\Db\Driver\Sqlite.class.php 第 60 行.
NOTIC: [8] Undefined index: extra D:\WWW\_Core\Library\Think\Db\Driver\Sqlite.class.php 第 62 行.
NOTIC: [8] Undefined index: default D:\WWW\_Core\Library\Think\Db\Driver\Sqlite.class.php 第 60 行.
NOTIC: [8] Undefined index: extra D:\WWW\_Core\Library\Think\Db\Driver\Sqlite.class.php 第 62 行.
NOTIC: [8] Undefined index: default D:\WWW\_Core\Library\Think\Db\Driver\Sqlite.class.php 第 60 行.
NOTIC: [8] Undefined index: extra D:\WWW\_Core\Library\Think\Db\Driver\Sqlite.class.php 第 62 行.
NOTIC: [8] Undefined index: default D:\WWW\_Core\Library\Think\Db\Driver\Sqlite.class.php 第 60 行.
NOTIC: [8] Undefined index: extra D:\WWW\_Core\Library\Think\Db\Driver\Sqlite.class.php 第 62 行.
SQL: SELECT * FROM novels WHERE ( id=4 ) LIMIT 1   [ RunTime:0.0005s ]
INFO: [ app_end ] --START--
INFO: Run Behavior\ShowPageTraceBehavior [ RunTime:0.001242s ]
INFO: [ app_end ] --END-- [ RunTime:0.001391s ]

