[ 2015-01-28T13:23:57+08:00 ] 192.168.1.111 /index.php/Note
INFO: [ app_init ] --START--
INFO: Run Behavior\BuildLiteBehavior [ RunTime:0.000023s ]
INFO: [ app_init ] --END-- [ RunTime:0.000119s ]
INFO: [ app_begin ] --START--
INFO: Run Behavior\ReadHtmlCacheBehavior [ RunTime:0.001010s ]
INFO: [ app_begin ] --END-- [ RunTime:0.001123s ]
SQL: PRAGMA table_info( notes ) [ RunTime:0.0570s ]
NOTIC: [8] Undefined index: default D:\WWW\_Core\Library\Think\Db\Driver\Sqlite.class.php 第 60 行.
NOTIC: [8] Undefined index: extra D:\WWW\_Core\Library\Think\Db\Driver\Sqlite.class.php 第 62 行.
NOTIC: [8] Undefined index: default D:\WWW\_Core\Library\Think\Db\Driver\Sqlite.class.php 第 60 行.
NOTIC: [8] Undefined index: extra D:\WWW\_Core\Library\Think\Db\Driver\Sqlite.class.php 第 62 行.
NOTIC: [8] Undefined index: default D:\WWW\_Core\Library\Think\Db\Driver\Sqlite.class.php 第 60 行.
NOTIC: [8] Undefined index: extra D:\WWW\_Core\Library\Think\Db\Driver\Sqlite.class.php 第 62 行.
NOTIC: [8] Undefined index: default D:\WWW\_Core\Library\Think\Db\Driver\Sqlite.class.php 第 60 行.
NOTIC: [8] Undefined index: extra D:\WWW\_Core\Library\Think\Db\Driver\Sqlite.class.php 第 62 行.
NOTIC: [8] Undefined index: default D:\WWW\_Core\Library\Think\Db\Driver\Sqlite.class.php 第 60 行.
NOTIC: [8] Undefined index: extra D:\WWW\_Core\Library\Think\Db\Driver\Sqlite.class.php 第 62 行.
NOTIC: [8] Undefined index: default D:\WWW\_Core\Library\Think\Db\Driver\Sqlite.class.php 第 60 行.
NOTIC: [8] Undefined index: extra D:\WWW\_Core\Library\Think\Db\Driver\Sqlite.class.php 第 62 行.
NOTIC: [8] Undefined index: default D:\WWW\_Core\Library\Think\Db\Driver\Sqlite.class.php 第 60 行.
NOTIC: [8] Undefined index: extra D:\WWW\_Core\Library\Think\Db\Driver\Sqlite.class.php 第 62 行.
NOTIC: [8] Undefined index: default D:\WWW\_Core\Library\Think\Db\Driver\Sqlite.class.php 第 60 行.
NOTIC: [8] Undefined index: extra D:\WWW\_Core\Library\Think\Db\Driver\Sqlite.class.php 第 62 行.
NOTIC: [8] Undefined index: default D:\WWW\_Core\Library\Think\Db\Driver\Sqlite.class.php 第 60 行.
NOTIC: [8] Undefined index: extra D:\WWW\_Core\Library\Think\Db\Driver\Sqlite.class.php 第 62 行.
NOTIC: [8] Undefined index: default D:\WWW\_Core\Library\Think\Db\Driver\Sqlite.class.php 第 60 行.
NOTIC: [8] Undefined index: extra D:\WWW\_Core\Library\Think\Db\Driver\Sqlite.class.php 第 62 行.
NOTIC: [8] Undefined index: default D:\WWW\_Core\Library\Think\Db\Driver\Sqlite.class.php 第 60 行.
NOTIC: [8] Undefined index: extra D:\WWW\_Core\Library\Think\Db\Driver\Sqlite.class.php 第 62 行.
NOTIC: [8] Undefined index: default D:\WWW\_Core\Library\Think\Db\Driver\Sqlite.class.php 第 60 行.
NOTIC: [8] Undefined index: extra D:\WWW\_Core\Library\Think\Db\Driver\Sqlite.class.php 第 62 行.
NOTIC: [8] Undefined index: default D:\WWW\_Core\Library\Think\Db\Driver\Sqlite.class.php 第 60 行.
NOTIC: [8] Undefined index: extra D:\WWW\_Core\Library\Think\Db\Driver\Sqlite.class.php 第 62 行.
NOTIC: [8] Undefined index: default D:\WWW\_Core\Library\Think\Db\Driver\Sqlite.class.php 第 60 行.
NOTIC: [8] Undefined index: extra D:\WWW\_Core\Library\Think\Db\Driver\Sqlite.class.php 第 62 行.
SQL: SELECT * FROM notes LIMIT 10   [ RunTime:0.0003s ]
INFO: [ app_end ] --START--
INFO: Run Behavior\ShowPageTraceBehavior [ RunTime:0.001463s ]
INFO: [ app_end ] --END-- [ RunTime:0.001625s ]

[ 2015-01-28T13:24:17+08:00 ] 192.168.1.111 /Note/Admin/newnote
INFO: [ app_init ] --START--
INFO: Run Behavior\BuildLiteBehavior [ RunTime:0.000023s ]
INFO: [ app_init ] --END-- [ RunTime:0.000122s ]
INFO: [ app_begin ] --START--
INFO: Run Behavior\ReadHtmlCacheBehavior [ RunTime:0.000762s ]
INFO: [ app_begin ] --END-- [ RunTime:0.000851s ]
INFO: [ app_end ] --START--
INFO: Run Behavior\ShowPageTraceBehavior [ RunTime:0.000880s ]
INFO: [ app_end ] --END-- [ RunTime:0.000993s ]

[ 2015-01-28T13:24:39+08:00 ] 192.168.1.111 /Note/Admin/savenote?do=new
INFO: [ app_init ] --START--
INFO: Run Behavior\BuildLiteBehavior [ RunTime:0.000023s ]
INFO: [ app_init ] --END-- [ RunTime:0.000135s ]
INFO: [ app_begin ] --START--
INFO: Run Behavior\ReadHtmlCacheBehavior [ RunTime:0.000808s ]
INFO: [ app_begin ] --END-- [ RunTime:0.000911s ]
SQL: PRAGMA table_info( notes ) [ RunTime:0.0014s ]
NOTIC: [8] Undefined index: default D:\WWW\_Core\Library\Think\Db\Driver\Sqlite.class.php 第 60 行.
NOTIC: [8] Undefined index: extra D:\WWW\_Core\Library\Think\Db\Driver\Sqlite.class.php 第 62 行.
NOTIC: [8] Undefined index: default D:\WWW\_Core\Library\Think\Db\Driver\Sqlite.class.php 第 60 行.
NOTIC: [8] Undefined index: extra D:\WWW\_Core\Library\Think\Db\Driver\Sqlite.class.php 第 62 行.
NOTIC: [8] Undefined index: default D:\WWW\_Core\Library\Think\Db\Driver\Sqlite.class.php 第 60 行.
NOTIC: [8] Undefined index: extra D:\WWW\_Core\Library\Think\Db\Driver\Sqlite.class.php 第 62 行.
NOTIC: [8] Undefined index: default D:\WWW\_Core\Library\Think\Db\Driver\Sqlite.class.php 第 60 行.
NOTIC: [8] Undefined index: extra D:\WWW\_Core\Library\Think\Db\Driver\Sqlite.class.php 第 62 行.
NOTIC: [8] Undefined index: default D:\WWW\_Core\Library\Think\Db\Driver\Sqlite.class.php 第 60 行.
NOTIC: [8] Undefined index: extra D:\WWW\_Core\Library\Think\Db\Driver\Sqlite.class.php 第 62 行.
NOTIC: [8] Undefined index: default D:\WWW\_Core\Library\Think\Db\Driver\Sqlite.class.php 第 60 行.
NOTIC: [8] Undefined index: extra D:\WWW\_Core\Library\Think\Db\Driver\Sqlite.class.php 第 62 行.
NOTIC: [8] Undefined index: default D:\WWW\_Core\Library\Think\Db\Driver\Sqlite.class.php 第 60 行.
NOTIC: [8] Undefined index: extra D:\WWW\_Core\Library\Think\Db\Driver\Sqlite.class.php 第 62 行.
NOTIC: [8] Undefined index: default D:\WWW\_Core\Library\Think\Db\Driver\Sqlite.class.php 第 60 行.
NOTIC: [8] Undefined index: extra D:\WWW\_Core\Library\Think\Db\Driver\Sqlite.class.php 第 62 行.
NOTIC: [8] Undefined index: default D:\WWW\_Core\Library\Think\Db\Driver\Sqlite.class.php 第 60 行.
NOTIC: [8] Undefined index: extra D:\WWW\_Core\Library\Think\Db\Driver\Sqlite.class.php 第 62 行.
NOTIC: [8] Undefined index: default D:\WWW\_Core\Library\Think\Db\Driver\Sqlite.class.php 第 60 行.
NOTIC: [8] Undefined index: extra D:\WWW\_Core\Library\Think\Db\Driver\Sqlite.class.php 第 62 行.
NOTIC: [8] Undefined index: default D:\WWW\_Core\Library\Think\Db\Driver\Sqlite.class.php 第 60 行.
NOTIC: [8] Undefined index: extra D:\WWW\_Core\Library\Think\Db\Driver\Sqlite.class.php 第 62 行.
NOTIC: [8] Undefined index: default D:\WWW\_Core\Library\Think\Db\Driver\Sqlite.class.php 第 60 行.
NOTIC: [8] Undefined index: extra D:\WWW\_Core\Library\Think\Db\Driver\Sqlite.class.php 第 62 行.
NOTIC: [8] Undefined index: default D:\WWW\_Core\Library\Think\Db\Driver\Sqlite.class.php 第 60 行.
NOTIC: [8] Undefined index: extra D:\WWW\_Core\Library\Think\Db\Driver\Sqlite.class.php 第 62 行.
NOTIC: [8] Undefined index: default D:\WWW\_Core\Library\Think\Db\Driver\Sqlite.class.php 第 60 行.
NOTIC: [8] Undefined index: extra D:\WWW\_Core\Library\Think\Db\Driver\Sqlite.class.php 第 62 行.
SQL: INSERT INTO notes (title,tag,aid,post_date,display_date,content) VALUES ('gvh','vnb','24354','2015-01-28 13:24:38','2015-01-28 13:24:38','jkjkbn') [ RunTime:0.3287s ]
INFO: [ app_end ] --START--
INFO: Run Behavior\ShowPageTraceBehavior [ RunTime:0.000911s ]
INFO: [ app_end ] --END-- [ RunTime:0.001002s ]

[ 2015-01-28T13:24:42+08:00 ] 192.168.1.111 /Note/Index/note?nid=4
INFO: [ app_init ] --START--
INFO: Run Behavior\BuildLiteBehavior [ RunTime:0.000021s ]
INFO: [ app_init ] --END-- [ RunTime:0.000113s ]
INFO: [ app_begin ] --START--
INFO: Run Behavior\ReadHtmlCacheBehavior [ RunTime:0.000909s ]
INFO: [ app_begin ] --END-- [ RunTime:0.001029s ]
SQL: PRAGMA table_info( notes ) [ RunTime:0.0009s ]
NOTIC: [8] Undefined index: default D:\WWW\_Core\Library\Think\Db\Driver\Sqlite.class.php 第 60 行.
NOTIC: [8] Undefined index: extra D:\WWW\_Core\Library\Think\Db\Driver\Sqlite.class.php 第 62 行.
NOTIC: [8] Undefined index: default D:\WWW\_Core\Library\Think\Db\Driver\Sqlite.class.php 第 60 行.
NOTIC: [8] Undefined index: extra D:\WWW\_Core\Library\Think\Db\Driver\Sqlite.class.php 第 62 行.
NOTIC: [8] Undefined index: default D:\WWW\_Core\Library\Think\Db\Driver\Sqlite.class.php 第 60 行.
NOTIC: [8] Undefined index: extra D:\WWW\_Core\Library\Think\Db\Driver\Sqlite.class.php 第 62 行.
NOTIC: [8] Undefined index: default D:\WWW\_Core\Library\Think\Db\Driver\Sqlite.class.php 第 60 行.
NOTIC: [8] Undefined index: extra D:\WWW\_Core\Library\Think\Db\Driver\Sqlite.class.php 第 62 行.
NOTIC: [8] Undefined index: default D:\WWW\_Core\Library\Think\Db\Driver\Sqlite.class.php 第 60 行.
NOTIC: [8] Undefined index: extra D:\WWW\_Core\Library\Think\Db\Driver\Sqlite.class.php 第 62 行.
NOTIC: [8] Undefined index: default D:\WWW\_Core\Library\Think\Db\Driver\Sqlite.class.php 第 60 行.
NOTIC: [8] Undefined index: extra D:\WWW\_Core\Library\Think\Db\Driver\Sqlite.class.php 第 62 行.
NOTIC: [8] Undefined index: default D:\WWW\_Core\Library\Think\Db\Driver\Sqlite.class.php 第 60 行.
NOTIC: [8] Undefined index: extra D:\WWW\_Core\Library\Think\Db\Driver\Sqlite.class.php 第 62 行.
NOTIC: [8] Undefined index: default D:\WWW\_Core\Library\Think\Db\Driver\Sqlite.class.php 第 60 行.
NOTIC: [8] Undefined index: extra D:\WWW\_Core\Library\Think\Db\Driver\Sqlite.class.php 第 62 行.
NOTIC: [8] Undefined index: default D:\WWW\_Core\Library\Think\Db\Driver\Sqlite.class.php 第 60 行.
NOTIC: [8] Undefined index: extra D:\WWW\_Core\Library\Think\Db\Driver\Sqlite.class.php 第 62 行.
NOTIC: [8] Undefined index: default D:\WWW\_Core\Library\Think\Db\Driver\Sqlite.class.php 第 60 行.
NOTIC: [8] Undefined index: extra D:\WWW\_Core\Library\Think\Db\Driver\Sqlite.class.php 第 62 行.
NOTIC: [8] Undefined index: default D:\WWW\_Core\Library\Think\Db\Driver\Sqlite.class.php 第 60 行.
NOTIC: [8] Undefined index: extra D:\WWW\_Core\Library\Think\Db\Driver\Sqlite.class.php 第 62 行.
NOTIC: [8] Undefined index: default D:\WWW\_Core\Library\Think\Db\Driver\Sqlite.class.php 第 60 行.
NOTIC: [8] Undefined index: extra D:\WWW\_Core\Library\Think\Db\Driver\Sqlite.class.php 第 62 行.
NOTIC: [8] Undefined index: default D:\WWW\_Core\Library\Think\Db\Driver\Sqlite.class.php 第 60 行.
NOTIC: [8] Undefined index: extra D:\WWW\_Core\Library\Think\Db\Driver\Sqlite.class.php 第 62 行.
NOTIC: [8] Undefined index: default D:\WWW\_Core\Library\Think\Db\Driver\Sqlite.class.php 第 60 行.
NOTIC: [8] Undefined index: extra D:\WWW\_Core\Library\Think\Db\Driver\Sqlite.class.php 第 62 行.
SQL: SELECT * FROM notes WHERE (  nid=4  ) LIMIT 1   [ RunTime:0.0002s ]
INFO: [ app_end ] --START--
INFO: Run Behavior\ShowPageTraceBehavior [ RunTime:0.000850s ]
INFO: [ app_end ] --END-- [ RunTime:0.000939s ]

[ 2015-01-28T13:24:57+08:00 ] 192.168.1.111 /Note/Index/index
INFO: [ app_init ] --START--
INFO: Run Behavior\BuildLiteBehavior [ RunTime:0.000024s ]
INFO: [ app_init ] --END-- [ RunTime:0.000122s ]
INFO: [ app_begin ] --START--
INFO: Run Behavior\ReadHtmlCacheBehavior [ RunTime:0.000807s ]
INFO: [ app_begin ] --END-- [ RunTime:0.000898s ]
SQL: PRAGMA table_info( notes ) [ RunTime:0.0009s ]
NOTIC: [8] Undefined index: default D:\WWW\_Core\Library\Think\Db\Driver\Sqlite.class.php 第 60 行.
NOTIC: [8] Undefined index: extra D:\WWW\_Core\Library\Think\Db\Driver\Sqlite.class.php 第 62 行.
NOTIC: [8] Undefined index: default D:\WWW\_Core\Library\Think\Db\Driver\Sqlite.class.php 第 60 行.
NOTIC: [8] Undefined index: extra D:\WWW\_Core\Library\Think\Db\Driver\Sqlite.class.php 第 62 行.
NOTIC: [8] Undefined index: default D:\WWW\_Core\Library\Think\Db\Driver\Sqlite.class.php 第 60 行.
NOTIC: [8] Undefined index: extra D:\WWW\_Core\Library\Think\Db\Driver\Sqlite.class.php 第 62 行.
NOTIC: [8] Undefined index: default D:\WWW\_Core\Library\Think\Db\Driver\Sqlite.class.php 第 60 行.
NOTIC: [8] Undefined index: extra D:\WWW\_Core\Library\Think\Db\Driver\Sqlite.class.php 第 62 行.
NOTIC: [8] Undefined index: default D:\WWW\_Core\Library\Think\Db\Driver\Sqlite.class.php 第 60 行.
NOTIC: [8] Undefined index: extra D:\WWW\_Core\Library\Think\Db\Driver\Sqlite.class.php 第 62 行.
NOTIC: [8] Undefined index: default D:\WWW\_Core\Library\Think\Db\Driver\Sqlite.class.php 第 60 行.
NOTIC: [8] Undefined index: extra D:\WWW\_Core\Library\Think\Db\Driver\Sqlite.class.php 第 62 行.
NOTIC: [8] Undefined index: default D:\WWW\_Core\Library\Think\Db\Driver\Sqlite.class.php 第 60 行.
NOTIC: [8] Undefined index: extra D:\WWW\_Core\Library\Think\Db\Driver\Sqlite.class.php 第 62 行.
NOTIC: [8] Undefined index: default D:\WWW\_Core\Library\Think\Db\Driver\Sqlite.class.php 第 60 行.
NOTIC: [8] Undefined index: extra D:\WWW\_Core\Library\Think\Db\Driver\Sqlite.class.php 第 62 行.
NOTIC: [8] Undefined index: default D:\WWW\_Core\Library\Think\Db\Driver\Sqlite.class.php 第 60 行.
NOTIC: [8] Undefined index: extra D:\WWW\_Core\Library\Think\Db\Driver\Sqlite.class.php 第 62 行.
NOTIC: [8] Undefined index: default D:\WWW\_Core\Library\Think\Db\Driver\Sqlite.class.php 第 60 行.
NOTIC: [8] Undefined index: extra D:\WWW\_Core\Library\Think\Db\Driver\Sqlite.class.php 第 62 行.
NOTIC: [8] Undefined index: default D:\WWW\_Core\Library\Think\Db\Driver\Sqlite.class.php 第 60 行.
NOTIC: [8] Undefined index: extra D:\WWW\_Core\Library\Think\Db\Driver\Sqlite.class.php 第 62 行.
NOTIC: [8] Undefined index: default D:\WWW\_Core\Library\Think\Db\Driver\Sqlite.class.php 第 60 行.
NOTIC: [8] Undefined index: extra D:\WWW\_Core\Library\Think\Db\Driver\Sqlite.class.php 第 62 行.
NOTIC: [8] Undefined index: default D:\WWW\_Core\Library\Think\Db\Driver\Sqlite.class.php 第 60 行.
NOTIC: [8] Undefined index: extra D:\WWW\_Core\Library\Think\Db\Driver\Sqlite.class.php 第 62 行.
NOTIC: [8] Undefined index: default D:\WWW\_Core\Library\Think\Db\Driver\Sqlite.class.php 第 60 行.
NOTIC: [8] Undefined index: extra D:\WWW\_Core\Library\Think\Db\Driver\Sqlite.class.php 第 62 行.
SQL: SELECT * FROM notes LIMIT 10   [ RunTime:0.0002s ]
INFO: [ app_end ] --START--
INFO: Run Behavior\ShowPageTraceBehavior [ RunTime:0.001067s ]
INFO: [ app_end ] --END-- [ RunTime:0.001168s ]

[ 2015-01-28T13:25:00+08:00 ] 192.168.1.111 /Note/Admin/editnote?nid=4
INFO: [ app_init ] --START--
INFO: Run Behavior\BuildLiteBehavior [ RunTime:0.000033s ]
INFO: [ app_init ] --END-- [ RunTime:0.000182s ]
INFO: [ app_begin ] --START--
INFO: Run Behavior\ReadHtmlCacheBehavior [ RunTime:0.000817s ]
INFO: [ app_begin ] --END-- [ RunTime:0.000915s ]
SQL: PRAGMA table_info( notes ) [ RunTime:0.0010s ]
NOTIC: [8] Undefined index: default D:\WWW\_Core\Library\Think\Db\Driver\Sqlite.class.php 第 60 行.
NOTIC: [8] Undefined index: extra D:\WWW\_Core\Library\Think\Db\Driver\Sqlite.class.php 第 62 行.
NOTIC: [8] Undefined index: default D:\WWW\_Core\Library\Think\Db\Driver\Sqlite.class.php 第 60 行.
NOTIC: [8] Undefined index: extra D:\WWW\_Core\Library\Think\Db\Driver\Sqlite.class.php 第 62 行.
NOTIC: [8] Undefined index: default D:\WWW\_Core\Library\Think\Db\Driver\Sqlite.class.php 第 60 行.
NOTIC: [8] Undefined index: extra D:\WWW\_Core\Library\Think\Db\Driver\Sqlite.class.php 第 62 行.
NOTIC: [8] Undefined index: default D:\WWW\_Core\Library\Think\Db\Driver\Sqlite.class.php 第 60 行.
NOTIC: [8] Undefined index: extra D:\WWW\_Core\Library\Think\Db\Driver\Sqlite.class.php 第 62 行.
NOTIC: [8] Undefined index: default D:\WWW\_Core\Library\Think\Db\Driver\Sqlite.class.php 第 60 行.
NOTIC: [8] Undefined index: extra D:\WWW\_Core\Library\Think\Db\Driver\Sqlite.class.php 第 62 行.
NOTIC: [8] Undefined index: default D:\WWW\_Core\Library\Think\Db\Driver\Sqlite.class.php 第 60 行.
NOTIC: [8] Undefined index: extra D:\WWW\_Core\Library\Think\Db\Driver\Sqlite.class.php 第 62 行.
NOTIC: [8] Undefined index: default D:\WWW\_Core\Library\Think\Db\Driver\Sqlite.class.php 第 60 行.
NOTIC: [8] Undefined index: extra D:\WWW\_Core\Library\Think\Db\Driver\Sqlite.class.php 第 62 行.
NOTIC: [8] Undefined index: default D:\WWW\_Core\Library\Think\Db\Driver\Sqlite.class.php 第 60 行.
NOTIC: [8] Undefined index: extra D:\WWW\_Core\Library\Think\Db\Driver\Sqlite.class.php 第 62 行.
NOTIC: [8] Undefined index: default D:\WWW\_Core\Library\Think\Db\Driver\Sqlite.class.php 第 60 行.
NOTIC: [8] Undefined index: extra D:\WWW\_Core\Library\Think\Db\Driver\Sqlite.class.php 第 62 行.
NOTIC: [8] Undefined index: default D:\WWW\_Core\Library\Think\Db\Driver\Sqlite.class.php 第 60 行.
NOTIC: [8] Undefined index: extra D:\WWW\_Core\Library\Think\Db\Driver\Sqlite.class.php 第 62 行.
NOTIC: [8] Undefined index: default D:\WWW\_Core\Library\Think\Db\Driver\Sqlite.class.php 第 60 行.
NOTIC: [8] Undefined index: extra D:\WWW\_Core\Library\Think\Db\Driver\Sqlite.class.php 第 62 行.
NOTIC: [8] Undefined index: default D:\WWW\_Core\Library\Think\Db\Driver\Sqlite.class.php 第 60 行.
NOTIC: [8] Undefined index: extra D:\WWW\_Core\Library\Think\Db\Driver\Sqlite.class.php 第 62 行.
NOTIC: [8] Undefined index: default D:\WWW\_Core\Library\Think\Db\Driver\Sqlite.class.php 第 60 行.
NOTIC: [8] Undefined index: extra D:\WWW\_Core\Library\Think\Db\Driver\Sqlite.class.php 第 62 行.
NOTIC: [8] Undefined index: default D:\WWW\_Core\Library\Think\Db\Driver\Sqlite.class.php 第 60 行.
NOTIC: [8] Undefined index: extra D:\WWW\_Core\Library\Think\Db\Driver\Sqlite.class.php 第 62 行.
SQL: SELECT * FROM notes WHERE (  nid=4  ) LIMIT 1   [ RunTime:0.0002s ]
INFO: [ app_end ] --START--
INFO: Run Behavior\ShowPageTraceBehavior [ RunTime:0.001103s ]
INFO: [ app_end ] --END-- [ RunTime:0.001223s ]

[ 2015-01-28T13:26:15+08:00 ] 192.168.1.111 /Note/Admin/savenote?do=edit
INFO: [ app_init ] --START--
INFO: Run Behavior\BuildLiteBehavior [ RunTime:0.000024s ]
INFO: [ app_init ] --END-- [ RunTime:0.000122s ]
INFO: [ app_begin ] --START--
INFO: Run Behavior\ReadHtmlCacheBehavior [ RunTime:0.001439s ]
INFO: [ app_begin ] --END-- [ RunTime:0.001628s ]
SQL: PRAGMA table_info( notes ) [ RunTime:0.0009s ]
NOTIC: [8] Undefined index: default D:\WWW\_Core\Library\Think\Db\Driver\Sqlite.class.php 第 60 行.
NOTIC: [8] Undefined index: extra D:\WWW\_Core\Library\Think\Db\Driver\Sqlite.class.php 第 62 行.
NOTIC: [8] Undefined index: default D:\WWW\_Core\Library\Think\Db\Driver\Sqlite.class.php 第 60 行.
NOTIC: [8] Undefined index: extra D:\WWW\_Core\Library\Think\Db\Driver\Sqlite.class.php 第 62 行.
NOTIC: [8] Undefined index: default D:\WWW\_Core\Library\Think\Db\Driver\Sqlite.class.php 第 60 行.
NOTIC: [8] Undefined index: extra D:\WWW\_Core\Library\Think\Db\Driver\Sqlite.class.php 第 62 行.
NOTIC: [8] Undefined index: default D:\WWW\_Core\Library\Think\Db\Driver\Sqlite.class.php 第 60 行.
NOTIC: [8] Undefined index: extra D:\WWW\_Core\Library\Think\Db\Driver\Sqlite.class.php 第 62 行.
NOTIC: [8] Undefined index: default D:\WWW\_Core\Library\Think\Db\Driver\Sqlite.class.php 第 60 行.
NOTIC: [8] Undefined index: extra D:\WWW\_Core\Library\Think\Db\Driver\Sqlite.class.php 第 62 行.
NOTIC: [8] Undefined index: default D:\WWW\_Core\Library\Think\Db\Driver\Sqlite.class.php 第 60 行.
NOTIC: [8] Undefined index: extra D:\WWW\_Core\Library\Think\Db\Driver\Sqlite.class.php 第 62 行.
NOTIC: [8] Undefined index: default D:\WWW\_Core\Library\Think\Db\Driver\Sqlite.class.php 第 60 行.
NOTIC: [8] Undefined index: extra D:\WWW\_Core\Library\Think\Db\Driver\Sqlite.class.php 第 62 行.
NOTIC: [8] Undefined index: default D:\WWW\_Core\Library\Think\Db\Driver\Sqlite.class.php 第 60 行.
NOTIC: [8] Undefined index: extra D:\WWW\_Core\Library\Think\Db\Driver\Sqlite.class.php 第 62 行.
NOTIC: [8] Undefined index: default D:\WWW\_Core\Library\Think\Db\Driver\Sqlite.class.php 第 60 行.
NOTIC: [8] Undefined index: extra D:\WWW\_Core\Library\Think\Db\Driver\Sqlite.class.php 第 62 行.
NOTIC: [8] Undefined index: default D:\WWW\_Core\Library\Think\Db\Driver\Sqlite.class.php 第 60 行.
NOTIC: [8] Undefined index: extra D:\WWW\_Core\Library\Think\Db\Driver\Sqlite.class.php 第 62 行.
NOTIC: [8] Undefined index: default D:\WWW\_Core\Library\Think\Db\Driver\Sqlite.class.php 第 60 行.
NOTIC: [8] Undefined index: extra D:\WWW\_Core\Library\Think\Db\Driver\Sqlite.class.php 第 62 行.
NOTIC: [8] Undefined index: default D:\WWW\_Core\Library\Think\Db\Driver\Sqlite.class.php 第 60 行.
NOTIC: [8] Undefined index: extra D:\WWW\_Core\Library\Think\Db\Driver\Sqlite.class.php 第 62 行.
NOTIC: [8] Undefined index: default D:\WWW\_Core\Library\Think\Db\Driver\Sqlite.class.php 第 60 行.
NOTIC: [8] Undefined index: extra D:\WWW\_Core\Library\Think\Db\Driver\Sqlite.class.php 第 62 行.
NOTIC: [8] Undefined index: default D:\WWW\_Core\Library\Think\Db\Driver\Sqlite.class.php 第 60 行.
NOTIC: [8] Undefined index: extra D:\WWW\_Core\Library\Think\Db\Driver\Sqlite.class.php 第 62 行.
SQL: UPDATE notes SET title='gvh',tag='vnb',aid='24354',post_date='2015-01-28 13:26:15',display_date='2015-01-28 13:26:15',content='<h1>大标题</h1><p>
<b>首字母</b>一些内容。</p>' WHERE ( nid=4 ) [ RunTime:0.2886s ]
INFO: [ app_end ] --START--
INFO: Run Behavior\ShowPageTraceBehavior [ RunTime:0.001064s ]
INFO: [ app_end ] --END-- [ RunTime:0.001146s ]

[ 2015-01-28T13:26:17+08:00 ] 192.168.1.111 /Note/Index/note?nid=4
INFO: [ app_init ] --START--
INFO: Run Behavior\BuildLiteBehavior [ RunTime:0.000023s ]
INFO: [ app_init ] --END-- [ RunTime:0.000117s ]
INFO: [ app_begin ] --START--
INFO: Run Behavior\ReadHtmlCacheBehavior [ RunTime:0.000807s ]
INFO: [ app_begin ] --END-- [ RunTime:0.000902s ]
SQL: PRAGMA table_info( notes ) [ RunTime:0.0011s ]
NOTIC: [8] Undefined index: default D:\WWW\_Core\Library\Think\Db\Driver\Sqlite.class.php 第 60 行.
NOTIC: [8] Undefined index: extra D:\WWW\_Core\Library\Think\Db\Driver\Sqlite.class.php 第 62 行.
NOTIC: [8] Undefined index: default D:\WWW\_Core\Library\Think\Db\Driver\Sqlite.class.php 第 60 行.
NOTIC: [8] Undefined index: extra D:\WWW\_Core\Library\Think\Db\Driver\Sqlite.class.php 第 62 行.
NOTIC: [8] Undefined index: default D:\WWW\_Core\Library\Think\Db\Driver\Sqlite.class.php 第 60 行.
NOTIC: [8] Undefined index: extra D:\WWW\_Core\Library\Think\Db\Driver\Sqlite.class.php 第 62 行.
NOTIC: [8] Undefined index: default D:\WWW\_Core\Library\Think\Db\Driver\Sqlite.class.php 第 60 行.
NOTIC: [8] Undefined index: extra D:\WWW\_Core\Library\Think\Db\Driver\Sqlite.class.php 第 62 行.
NOTIC: [8] Undefined index: default D:\WWW\_Core\Library\Think\Db\Driver\Sqlite.class.php 第 60 行.
NOTIC: [8] Undefined index: extra D:\WWW\_Core\Library\Think\Db\Driver\Sqlite.class.php 第 62 行.
NOTIC: [8] Undefined index: default D:\WWW\_Core\Library\Think\Db\Driver\Sqlite.class.php 第 60 行.
NOTIC: [8] Undefined index: extra D:\WWW\_Core\Library\Think\Db\Driver\Sqlite.class.php 第 62 行.
NOTIC: [8] Undefined index: default D:\WWW\_Core\Library\Think\Db\Driver\Sqlite.class.php 第 60 行.
NOTIC: [8] Undefined index: extra D:\WWW\_Core\Library\Think\Db\Driver\Sqlite.class.php 第 62 行.
NOTIC: [8] Undefined index: default D:\WWW\_Core\Library\Think\Db\Driver\Sqlite.class.php 第 60 行.
NOTIC: [8] Undefined index: extra D:\WWW\_Core\Library\Think\Db\Driver\Sqlite.class.php 第 62 行.
NOTIC: [8] Undefined index: default D:\WWW\_Core\Library\Think\Db\Driver\Sqlite.class.php 第 60 行.
NOTIC: [8] Undefined index: extra D:\WWW\_Core\Library\Think\Db\Driver\Sqlite.class.php 第 62 行.
NOTIC: [8] Undefined index: default D:\WWW\_Core\Library\Think\Db\Driver\Sqlite.class.php 第 60 行.
NOTIC: [8] Undefined index: extra D:\WWW\_Core\Library\Think\Db\Driver\Sqlite.class.php 第 62 行.
NOTIC: [8] Undefined index: default D:\WWW\_Core\Library\Think\Db\Driver\Sqlite.class.php 第 60 行.
NOTIC: [8] Undefined index: extra D:\WWW\_Core\Library\Think\Db\Driver\Sqlite.class.php 第 62 行.
NOTIC: [8] Undefined index: default D:\WWW\_Core\Library\Think\Db\Driver\Sqlite.class.php 第 60 行.
NOTIC: [8] Undefined index: extra D:\WWW\_Core\Library\Think\Db\Driver\Sqlite.class.php 第 62 行.
NOTIC: [8] Undefined index: default D:\WWW\_Core\Library\Think\Db\Driver\Sqlite.class.php 第 60 行.
NOTIC: [8] Undefined index: extra D:\WWW\_Core\Library\Think\Db\Driver\Sqlite.class.php 第 62 行.
NOTIC: [8] Undefined index: default D:\WWW\_Core\Library\Think\Db\Driver\Sqlite.class.php 第 60 行.
NOTIC: [8] Undefined index: extra D:\WWW\_Core\Library\Think\Db\Driver\Sqlite.class.php 第 62 行.
SQL: SELECT * FROM notes WHERE (  nid=4  ) LIMIT 1   [ RunTime:0.0002s ]
INFO: [ app_end ] --START--
INFO: Run Behavior\ShowPageTraceBehavior [ RunTime:0.001006s ]
INFO: [ app_end ] --END-- [ RunTime:0.001086s ]

[ 2015-01-28T13:26:22+08:00 ] 192.168.1.111 /Note/Index/note?nid=4
INFO: [ app_init ] --START--
INFO: Run Behavior\BuildLiteBehavior [ RunTime:0.000033s ]
INFO: [ app_init ] --END-- [ RunTime:0.000170s ]
INFO: [ app_begin ] --START--
INFO: Run Behavior\ReadHtmlCacheBehavior [ RunTime:0.001513s ]
INFO: [ app_begin ] --END-- [ RunTime:0.001787s ]
SQL: PRAGMA table_info( notes ) [ RunTime:0.0021s ]
NOTIC: [8] Undefined index: default D:\WWW\_Core\Library\Think\Db\Driver\Sqlite.class.php 第 60 行.
NOTIC: [8] Undefined index: extra D:\WWW\_Core\Library\Think\Db\Driver\Sqlite.class.php 第 62 行.
NOTIC: [8] Undefined index: default D:\WWW\_Core\Library\Think\Db\Driver\Sqlite.class.php 第 60 行.
NOTIC: [8] Undefined index: extra D:\WWW\_Core\Library\Think\Db\Driver\Sqlite.class.php 第 62 行.
NOTIC: [8] Undefined index: default D:\WWW\_Core\Library\Think\Db\Driver\Sqlite.class.php 第 60 行.
NOTIC: [8] Undefined index: extra D:\WWW\_Core\Library\Think\Db\Driver\Sqlite.class.php 第 62 行.
NOTIC: [8] Undefined index: default D:\WWW\_Core\Library\Think\Db\Driver\Sqlite.class.php 第 60 行.
NOTIC: [8] Undefined index: extra D:\WWW\_Core\Library\Think\Db\Driver\Sqlite.class.php 第 62 行.
NOTIC: [8] Undefined index: default D:\WWW\_Core\Library\Think\Db\Driver\Sqlite.class.php 第 60 行.
NOTIC: [8] Undefined index: extra D:\WWW\_Core\Library\Think\Db\Driver\Sqlite.class.php 第 62 行.
NOTIC: [8] Undefined index: default D:\WWW\_Core\Library\Think\Db\Driver\Sqlite.class.php 第 60 行.
NOTIC: [8] Undefined index: extra D:\WWW\_Core\Library\Think\Db\Driver\Sqlite.class.php 第 62 行.
NOTIC: [8] Undefined index: default D:\WWW\_Core\Library\Think\Db\Driver\Sqlite.class.php 第 60 行.
NOTIC: [8] Undefined index: extra D:\WWW\_Core\Library\Think\Db\Driver\Sqlite.class.php 第 62 行.
NOTIC: [8] Undefined index: default D:\WWW\_Core\Library\Think\Db\Driver\Sqlite.class.php 第 60 行.
NOTIC: [8] Undefined index: extra D:\WWW\_Core\Library\Think\Db\Driver\Sqlite.class.php 第 62 行.
NOTIC: [8] Undefined index: default D:\WWW\_Core\Library\Think\Db\Driver\Sqlite.class.php 第 60 行.
NOTIC: [8] Undefined index: extra D:\WWW\_Core\Library\Think\Db\Driver\Sqlite.class.php 第 62 行.
NOTIC: [8] Undefined index: default D:\WWW\_Core\Library\Think\Db\Driver\Sqlite.class.php 第 60 行.
NOTIC: [8] Undefined index: extra D:\WWW\_Core\Library\Think\Db\Driver\Sqlite.class.php 第 62 行.
NOTIC: [8] Undefined index: default D:\WWW\_Core\Library\Think\Db\Driver\Sqlite.class.php 第 60 行.
NOTIC: [8] Undefined index: extra D:\WWW\_Core\Library\Think\Db\Driver\Sqlite.class.php 第 62 行.
NOTIC: [8] Undefined index: default D:\WWW\_Core\Library\Think\Db\Driver\Sqlite.class.php 第 60 行.
NOTIC: [8] Undefined index: extra D:\WWW\_Core\Library\Think\Db\Driver\Sqlite.class.php 第 62 行.
NOTIC: [8] Undefined index: default D:\WWW\_Core\Library\Think\Db\Driver\Sqlite.class.php 第 60 行.
NOTIC: [8] Undefined index: extra D:\WWW\_Core\Library\Think\Db\Driver\Sqlite.class.php 第 62 行.
NOTIC: [8] Undefined index: default D:\WWW\_Core\Library\Think\Db\Driver\Sqlite.class.php 第 60 行.
NOTIC: [8] Undefined index: extra D:\WWW\_Core\Library\Think\Db\Driver\Sqlite.class.php 第 62 行.
SQL: SELECT * FROM notes WHERE (  nid=4  ) LIMIT 1   [ RunTime:0.0004s ]
INFO: [ app_end ] --START--
INFO: Run Behavior\ShowPageTraceBehavior [ RunTime:0.001066s ]
INFO: [ app_end ] --END-- [ RunTime:0.001174s ]

[ 2015-01-28T13:32:53+08:00 ] 192.168.1.111 /Note/Index/index
INFO: [ app_init ] --START--
INFO: Run Behavior\BuildLiteBehavior [ RunTime:0.000023s ]
INFO: [ app_init ] --END-- [ RunTime:0.000124s ]
INFO: [ app_begin ] --START--
INFO: Run Behavior\ReadHtmlCacheBehavior [ RunTime:0.000943s ]
INFO: [ app_begin ] --END-- [ RunTime:0.001038s ]
SQL: PRAGMA table_info( notes ) [ RunTime:0.0009s ]
NOTIC: [8] Undefined index: default D:\WWW\_Core\Library\Think\Db\Driver\Sqlite.class.php 第 60 行.
NOTIC: [8] Undefined index: extra D:\WWW\_Core\Library\Think\Db\Driver\Sqlite.class.php 第 62 行.
NOTIC: [8] Undefined index: default D:\WWW\_Core\Library\Think\Db\Driver\Sqlite.class.php 第 60 行.
NOTIC: [8] Undefined index: extra D:\WWW\_Core\Library\Think\Db\Driver\Sqlite.class.php 第 62 行.
NOTIC: [8] Undefined index: default D:\WWW\_Core\Library\Think\Db\Driver\Sqlite.class.php 第 60 行.
NOTIC: [8] Undefined index: extra D:\WWW\_Core\Library\Think\Db\Driver\Sqlite.class.php 第 62 行.
NOTIC: [8] Undefined index: default D:\WWW\_Core\Library\Think\Db\Driver\Sqlite.class.php 第 60 行.
NOTIC: [8] Undefined index: extra D:\WWW\_Core\Library\Think\Db\Driver\Sqlite.class.php 第 62 行.
NOTIC: [8] Undefined index: default D:\WWW\_Core\Library\Think\Db\Driver\Sqlite.class.php 第 60 行.
NOTIC: [8] Undefined index: extra D:\WWW\_Core\Library\Think\Db\Driver\Sqlite.class.php 第 62 行.
NOTIC: [8] Undefined index: default D:\WWW\_Core\Library\Think\Db\Driver\Sqlite.class.php 第 60 行.
NOTIC: [8] Undefined index: extra D:\WWW\_Core\Library\Think\Db\Driver\Sqlite.class.php 第 62 行.
NOTIC: [8] Undefined index: default D:\WWW\_Core\Library\Think\Db\Driver\Sqlite.class.php 第 60 行.
NOTIC: [8] Undefined index: extra D:\WWW\_Core\Library\Think\Db\Driver\Sqlite.class.php 第 62 行.
NOTIC: [8] Undefined index: default D:\WWW\_Core\Library\Think\Db\Driver\Sqlite.class.php 第 60 行.
NOTIC: [8] Undefined index: extra D:\WWW\_Core\Library\Think\Db\Driver\Sqlite.class.php 第 62 行.
NOTIC: [8] Undefined index: default D:\WWW\_Core\Library\Think\Db\Driver\Sqlite.class.php 第 60 行.
NOTIC: [8] Undefined index: extra D:\WWW\_Core\Library\Think\Db\Driver\Sqlite.class.php 第 62 行.
NOTIC: [8] Undefined index: default D:\WWW\_Core\Library\Think\Db\Driver\Sqlite.class.php 第 60 行.
NOTIC: [8] Undefined index: extra D:\WWW\_Core\Library\Think\Db\Driver\Sqlite.class.php 第 62 行.
NOTIC: [8] Undefined index: default D:\WWW\_Core\Library\Think\Db\Driver\Sqlite.class.php 第 60 行.
NOTIC: [8] Undefined index: extra D:\WWW\_Core\Library\Think\Db\Driver\Sqlite.class.php 第 62 行.
NOTIC: [8] Undefined index: default D:\WWW\_Core\Library\Think\Db\Driver\Sqlite.class.php 第 60 行.
NOTIC: [8] Undefined index: extra D:\WWW\_Core\Library\Think\Db\Driver\Sqlite.class.php 第 62 行.
NOTIC: [8] Undefined index: default D:\WWW\_Core\Library\Think\Db\Driver\Sqlite.class.php 第 60 行.
NOTIC: [8] Undefined index: extra D:\WWW\_Core\Library\Think\Db\Driver\Sqlite.class.php 第 62 行.
NOTIC: [8] Undefined index: default D:\WWW\_Core\Library\Think\Db\Driver\Sqlite.class.php 第 60 行.
NOTIC: [8] Undefined index: extra D:\WWW\_Core\Library\Think\Db\Driver\Sqlite.class.php 第 62 行.
SQL: SELECT * FROM notes LIMIT 10   [ RunTime:0.0002s ]
INFO: [ app_end ] --START--
INFO: Run Behavior\ShowPageTraceBehavior [ RunTime:0.001409s ]
INFO: [ app_end ] --END-- [ RunTime:0.001536s ]

[ 2015-01-28T13:32:55+08:00 ] 192.168.1.111 /Note/Admin/editnote?nid=4
INFO: [ app_init ] --START--
INFO: Run Behavior\BuildLiteBehavior [ RunTime:0.000023s ]
INFO: [ app_init ] --END-- [ RunTime:0.000136s ]
INFO: [ app_begin ] --START--
INFO: Run Behavior\ReadHtmlCacheBehavior [ RunTime:0.001115s ]
INFO: [ app_begin ] --END-- [ RunTime:0.001255s ]
SQL: PRAGMA table_info( notes ) [ RunTime:0.0009s ]
NOTIC: [8] Undefined index: default D:\WWW\_Core\Library\Think\Db\Driver\Sqlite.class.php 第 60 行.
NOTIC: [8] Undefined index: extra D:\WWW\_Core\Library\Think\Db\Driver\Sqlite.class.php 第 62 行.
NOTIC: [8] Undefined index: default D:\WWW\_Core\Library\Think\Db\Driver\Sqlite.class.php 第 60 行.
NOTIC: [8] Undefined index: extra D:\WWW\_Core\Library\Think\Db\Driver\Sqlite.class.php 第 62 行.
NOTIC: [8] Undefined index: default D:\WWW\_Core\Library\Think\Db\Driver\Sqlite.class.php 第 60 行.
NOTIC: [8] Undefined index: extra D:\WWW\_Core\Library\Think\Db\Driver\Sqlite.class.php 第 62 行.
NOTIC: [8] Undefined index: default D:\WWW\_Core\Library\Think\Db\Driver\Sqlite.class.php 第 60 行.
NOTIC: [8] Undefined index: extra D:\WWW\_Core\Library\Think\Db\Driver\Sqlite.class.php 第 62 行.
NOTIC: [8] Undefined index: default D:\WWW\_Core\Library\Think\Db\Driver\Sqlite.class.php 第 60 行.
NOTIC: [8] Undefined index: extra D:\WWW\_Core\Library\Think\Db\Driver\Sqlite.class.php 第 62 行.
NOTIC: [8] Undefined index: default D:\WWW\_Core\Library\Think\Db\Driver\Sqlite.class.php 第 60 行.
NOTIC: [8] Undefined index: extra D:\WWW\_Core\Library\Think\Db\Driver\Sqlite.class.php 第 62 行.
NOTIC: [8] Undefined index: default D:\WWW\_Core\Library\Think\Db\Driver\Sqlite.class.php 第 60 行.
NOTIC: [8] Undefined index: extra D:\WWW\_Core\Library\Think\Db\Driver\Sqlite.class.php 第 62 行.
NOTIC: [8] Undefined index: default D:\WWW\_Core\Library\Think\Db\Driver\Sqlite.class.php 第 60 行.
NOTIC: [8] Undefined index: extra D:\WWW\_Core\Library\Think\Db\Driver\Sqlite.class.php 第 62 行.
NOTIC: [8] Undefined index: default D:\WWW\_Core\Library\Think\Db\Driver\Sqlite.class.php 第 60 行.
NOTIC: [8] Undefined index: extra D:\WWW\_Core\Library\Think\Db\Driver\Sqlite.class.php 第 62 行.
NOTIC: [8] Undefined index: default D:\WWW\_Core\Library\Think\Db\Driver\Sqlite.class.php 第 60 行.
NOTIC: [8] Undefined index: extra D:\WWW\_Core\Library\Think\Db\Driver\Sqlite.class.php 第 62 行.
NOTIC: [8] Undefined index: default D:\WWW\_Core\Library\Think\Db\Driver\Sqlite.class.php 第 60 行.
NOTIC: [8] Undefined index: extra D:\WWW\_Core\Library\Think\Db\Driver\Sqlite.class.php 第 62 行.
NOTIC: [8] Undefined index: default D:\WWW\_Core\Library\Think\Db\Driver\Sqlite.class.php 第 60 行.
NOTIC: [8] Undefined index: extra D:\WWW\_Core\Library\Think\Db\Driver\Sqlite.class.php 第 62 行.
NOTIC: [8] Undefined index: default D:\WWW\_Core\Library\Think\Db\Driver\Sqlite.class.php 第 60 行.
NOTIC: [8] Undefined index: extra D:\WWW\_Core\Library\Think\Db\Driver\Sqlite.class.php 第 62 行.
NOTIC: [8] Undefined index: default D:\WWW\_Core\Library\Think\Db\Driver\Sqlite.class.php 第 60 行.
NOTIC: [8] Undefined index: extra D:\WWW\_Core\Library\Think\Db\Driver\Sqlite.class.php 第 62 行.
SQL: SELECT * FROM notes WHERE (  nid=4  ) LIMIT 1   [ RunTime:0.0002s ]
INFO: [ app_end ] --START--
INFO: Run Behavior\ShowPageTraceBehavior [ RunTime:0.000940s ]
INFO: [ app_end ] --END-- [ RunTime:0.001020s ]

[ 2015-01-28T13:37:07+08:00 ] 192.168.1.111 /Note/Index/index
INFO: [ app_init ] --START--
INFO: Run Behavior\BuildLiteBehavior [ RunTime:0.000024s ]
INFO: [ app_init ] --END-- [ RunTime:0.000120s ]
INFO: [ app_begin ] --START--
INFO: Run Behavior\ReadHtmlCacheBehavior [ RunTime:0.000914s ]
INFO: [ app_begin ] --END-- [ RunTime:0.001011s ]
SQL: PRAGMA table_info( notes ) [ RunTime:0.0011s ]
NOTIC: [8] Undefined index: default D:\WWW\_Core\Library\Think\Db\Driver\Sqlite.class.php 第 60 行.
NOTIC: [8] Undefined index: extra D:\WWW\_Core\Library\Think\Db\Driver\Sqlite.class.php 第 62 行.
NOTIC: [8] Undefined index: default D:\WWW\_Core\Library\Think\Db\Driver\Sqlite.class.php 第 60 行.
NOTIC: [8] Undefined index: extra D:\WWW\_Core\Library\Think\Db\Driver\Sqlite.class.php 第 62 行.
NOTIC: [8] Undefined index: default D:\WWW\_Core\Library\Think\Db\Driver\Sqlite.class.php 第 60 行.
NOTIC: [8] Undefined index: extra D:\WWW\_Core\Library\Think\Db\Driver\Sqlite.class.php 第 62 行.
NOTIC: [8] Undefined index: default D:\WWW\_Core\Library\Think\Db\Driver\Sqlite.class.php 第 60 行.
NOTIC: [8] Undefined index: extra D:\WWW\_Core\Library\Think\Db\Driver\Sqlite.class.php 第 62 行.
NOTIC: [8] Undefined index: default D:\WWW\_Core\Library\Think\Db\Driver\Sqlite.class.php 第 60 行.
NOTIC: [8] Undefined index: extra D:\WWW\_Core\Library\Think\Db\Driver\Sqlite.class.php 第 62 行.
NOTIC: [8] Undefined index: default D:\WWW\_Core\Library\Think\Db\Driver\Sqlite.class.php 第 60 行.
NOTIC: [8] Undefined index: extra D:\WWW\_Core\Library\Think\Db\Driver\Sqlite.class.php 第 62 行.
NOTIC: [8] Undefined index: default D:\WWW\_Core\Library\Think\Db\Driver\Sqlite.class.php 第 60 行.
NOTIC: [8] Undefined index: extra D:\WWW\_Core\Library\Think\Db\Driver\Sqlite.class.php 第 62 行.
NOTIC: [8] Undefined index: default D:\WWW\_Core\Library\Think\Db\Driver\Sqlite.class.php 第 60 行.
NOTIC: [8] Undefined index: extra D:\WWW\_Core\Library\Think\Db\Driver\Sqlite.class.php 第 62 行.
NOTIC: [8] Undefined index: default D:\WWW\_Core\Library\Think\Db\Driver\Sqlite.class.php 第 60 行.
NOTIC: [8] Undefined index: extra D:\WWW\_Core\Library\Think\Db\Driver\Sqlite.class.php 第 62 行.
NOTIC: [8] Undefined index: default D:\WWW\_Core\Library\Think\Db\Driver\Sqlite.class.php 第 60 行.
NOTIC: [8] Undefined index: extra D:\WWW\_Core\Library\Think\Db\Driver\Sqlite.class.php 第 62 行.
NOTIC: [8] Undefined index: default D:\WWW\_Core\Library\Think\Db\Driver\Sqlite.class.php 第 60 行.
NOTIC: [8] Undefined index: extra D:\WWW\_Core\Library\Think\Db\Driver\Sqlite.class.php 第 62 行.
NOTIC: [8] Undefined index: default D:\WWW\_Core\Library\Think\Db\Driver\Sqlite.class.php 第 60 行.
NOTIC: [8] Undefined index: extra D:\WWW\_Core\Library\Think\Db\Driver\Sqlite.class.php 第 62 行.
NOTIC: [8] Undefined index: default D:\WWW\_Core\Library\Think\Db\Driver\Sqlite.class.php 第 60 行.
NOTIC: [8] Undefined index: extra D:\WWW\_Core\Library\Think\Db\Driver\Sqlite.class.php 第 62 行.
NOTIC: [8] Undefined index: default D:\WWW\_Core\Library\Think\Db\Driver\Sqlite.class.php 第 60 行.
NOTIC: [8] Undefined index: extra D:\WWW\_Core\Library\Think\Db\Driver\Sqlite.class.php 第 62 行.
SQL: SELECT * FROM notes LIMIT 10   [ RunTime:0.0003s ]
INFO: [ app_end ] --START--
INFO: Run Behavior\ShowPageTraceBehavior [ RunTime:0.001117s ]
INFO: [ app_end ] --END-- [ RunTime:0.001206s ]

[ 2015-01-28T13:37:08+08:00 ] 192.168.1.111 /Note/Admin/newnote
INFO: [ app_init ] --START--
INFO: Run Behavior\BuildLiteBehavior [ RunTime:0.000025s ]
INFO: [ app_init ] --END-- [ RunTime:0.000136s ]
INFO: [ app_begin ] --START--
INFO: Run Behavior\ReadHtmlCacheBehavior [ RunTime:0.000765s ]
INFO: [ app_begin ] --END-- [ RunTime:0.000857s ]
INFO: [ app_end ] --START--
INFO: Run Behavior\ShowPageTraceBehavior [ RunTime:0.000769s ]
INFO: [ app_end ] --END-- [ RunTime:0.000860s ]

