[ 2015-01-23T11:28:45+08:00 ] 202.105.21.220 /
INFO: [ app_init ] --START--
INFO: Run Behavior\BuildLiteBehavior [ RunTime:0.000033s ]
INFO: [ app_init ] --END-- [ RunTime:0.000196s ]
INFO: [ app_begin ] --START--
INFO: Run Behavior\ReadHtmlCacheBehavior [ RunTime:0.019681s ]
INFO: [ app_begin ] --END-- [ RunTime:0.019838s ]
NOTIC: [8192] Function split() is deprecated D:\WWW\_Yueruan\Common\Common\function.php 第 9 行.
INFO: [ app_end ] --START--
INFO: Run Behavior\ShowPageTraceBehavior [ RunTime:0.010912s ]
INFO: [ app_end ] --END-- [ RunTime:0.011049s ]

[ 2015-01-23T11:28:45+08:00 ] 202.105.21.220 /
INFO: [ app_init ] --START--
INFO: Run Behavior\BuildLiteBehavior [ RunTime:0.000021s ]
INFO: [ app_init ] --END-- [ RunTime:0.000114s ]
INFO: [ app_begin ] --START--
INFO: Run Behavior\ReadHtmlCacheBehavior [ RunTime:0.001014s ]
INFO: [ app_begin ] --END-- [ RunTime:0.001129s ]
NOTIC: [8192] Function split() is deprecated D:\WWW\_Yueruan\Common\Common\function.php 第 9 行.
INFO: [ app_end ] --START--
INFO: Run Behavior\ShowPageTraceBehavior [ RunTime:0.000809s ]
INFO: [ app_end ] --END-- [ RunTime:0.000897s ]

[ 2015-01-23T11:42:11+08:00 ] 42.156.250.115 http://www.taobao.com/
INFO: [ app_init ] --START--
INFO: Run Behavior\BuildLiteBehavior [ RunTime:0.000030s ]
INFO: [ app_init ] --END-- [ RunTime:0.000181s ]
INFO: [ app_begin ] --START--
INFO: Run Behavior\ReadHtmlCacheBehavior [ RunTime:0.001989s ]
INFO: [ app_begin ] --END-- [ RunTime:0.002165s ]
NOTIC: [8192] Function split() is deprecated D:\WWW\_Yueruan\Common\Common\function.php 第 9 行.
INFO: [ app_end ] --START--
INFO: Run Behavior\ShowPageTraceBehavior [ RunTime:0.001446s ]
INFO: [ app_end ] --END-- [ RunTime:0.001585s ]

[ 2015-01-23T13:32:29+08:00 ] 192.168.1.111 /
INFO: [ app_init ] --START--
INFO: Run Behavior\BuildLiteBehavior [ RunTime:0.000024s ]
INFO: [ app_init ] --END-- [ RunTime:0.000131s ]
INFO: [ app_begin ] --START--
INFO: Run Behavior\ReadHtmlCacheBehavior [ RunTime:0.000867s ]
INFO: [ app_begin ] --END-- [ RunTime:0.000961s ]
NOTIC: [8192] Function split() is deprecated D:\WWW\_Yueruan\Common\Common\function.php 第 9 行.
INFO: [ app_end ] --START--
INFO: Run Behavior\ShowPageTraceBehavior [ RunTime:0.000974s ]
INFO: [ app_end ] --END-- [ RunTime:0.001069s ]

[ 2015-01-23T18:03:44+08:00 ] 125.71.211.3 /
INFO: [ app_init ] --START--
INFO: Run Behavior\BuildLiteBehavior [ RunTime:0.000026s ]
INFO: [ app_init ] --END-- [ RunTime:0.000175s ]
INFO: [ app_begin ] --START--
INFO: Run Behavior\ReadHtmlCacheBehavior [ RunTime:0.001986s ]
INFO: [ app_begin ] --END-- [ RunTime:0.002262s ]
NOTIC: [8192] Function split() is deprecated D:\WWW\_Yueruan\Common\Common\function.php 第 9 行.
INFO: [ app_end ] --START--
INFO: Run Behavior\ShowPageTraceBehavior [ RunTime:0.001364s ]
INFO: [ app_end ] --END-- [ RunTime:0.001486s ]

[ 2015-01-23T18:19:26+08:00 ] 202.105.21.193 /
INFO: [ app_init ] --START--
INFO: Run Behavior\BuildLiteBehavior [ RunTime:0.000024s ]
INFO: [ app_init ] --END-- [ RunTime:0.000141s ]
INFO: [ app_begin ] --START--
INFO: Run Behavior\ReadHtmlCacheBehavior [ RunTime:0.000905s ]
INFO: [ app_begin ] --END-- [ RunTime:0.001001s ]
NOTIC: [8192] Function split() is deprecated D:\WWW\_Yueruan\Common\Common\function.php 第 9 行.
INFO: [ app_end ] --START--
INFO: Run Behavior\ShowPageTraceBehavior [ RunTime:0.000882s ]
INFO: [ app_end ] --END-- [ RunTime:0.000980s ]

[ 2015-01-23T23:02:25+08:00 ] 202.105.21.220 /
INFO: [ app_init ] --START--
INFO: Run Behavior\BuildLiteBehavior [ RunTime:0.000026s ]
INFO: [ app_init ] --END-- [ RunTime:0.000155s ]
INFO: [ app_begin ] --START--
INFO: Run Behavior\ReadHtmlCacheBehavior [ RunTime:0.000985s ]
INFO: [ app_begin ] --END-- [ RunTime:0.001088s ]
NOTIC: [8192] Function split() is deprecated D:\WWW\_Yueruan\Common\Common\function.php 第 9 行.
INFO: [ app_end ] --START--
INFO: Run Behavior\ShowPageTraceBehavior [ RunTime:0.000933s ]
INFO: [ app_end ] --END-- [ RunTime:0.001025s ]

[ 2015-01-23T23:02:25+08:00 ] 202.105.21.220 /
INFO: [ app_init ] --START--
INFO: Run Behavior\BuildLiteBehavior [ RunTime:0.000025s ]
INFO: [ app_init ] --END-- [ RunTime:0.000133s ]
INFO: [ app_begin ] --START--
INFO: Run Behavior\ReadHtmlCacheBehavior [ RunTime:0.001006s ]
INFO: [ app_begin ] --END-- [ RunTime:0.001132s ]
NOTIC: [8192] Function split() is deprecated D:\WWW\_Yueruan\Common\Common\function.php 第 9 行.
INFO: [ app_end ] --START--
INFO: Run Behavior\ShowPageTraceBehavior [ RunTime:0.000859s ]
INFO: [ app_end ] --END-- [ RunTime:0.000947s ]

[ 2015-01-23T23:03:47+08:00 ] 202.105.21.220 /
INFO: [ app_init ] --START--
INFO: Run Behavior\BuildLiteBehavior [ RunTime:0.000022s ]
INFO: [ app_init ] --END-- [ RunTime:0.000117s ]
INFO: [ app_begin ] --START--
INFO: Run Behavior\ReadHtmlCacheBehavior [ RunTime:0.000741s ]
INFO: [ app_begin ] --END-- [ RunTime:0.000828s ]
NOTIC: [8192] Function split() is deprecated D:\WWW\_Yueruan\Common\Common\function.php 第 9 行.
INFO: [ app_end ] --START--
INFO: Run Behavior\ShowPageTraceBehavior [ RunTime:0.000796s ]
INFO: [ app_end ] --END-- [ RunTime:0.000885s ]

[ 2015-01-23T23:03:47+08:00 ] 202.105.21.220 /
INFO: [ app_init ] --START--
INFO: Run Behavior\BuildLiteBehavior [ RunTime:0.000023s ]
INFO: [ app_init ] --END-- [ RunTime:0.000114s ]
INFO: [ app_begin ] --START--
INFO: Run Behavior\ReadHtmlCacheBehavior [ RunTime:0.000725s ]
INFO: [ app_begin ] --END-- [ RunTime:0.000810s ]
NOTIC: [8192] Function split() is deprecated D:\WWW\_Yueruan\Common\Common\function.php 第 9 行.
INFO: [ app_end ] --START--
INFO: Run Behavior\ShowPageTraceBehavior [ RunTime:0.001554s ]
INFO: [ app_end ] --END-- [ RunTime:0.001661s ]

[ 2015-01-23T23:03:47+08:00 ] 202.105.21.220 /
INFO: [ app_init ] --START--
INFO: Run Behavior\BuildLiteBehavior [ RunTime:0.000024s ]
INFO: [ app_init ] --END-- [ RunTime:0.000116s ]
INFO: [ app_begin ] --START--
INFO: Run Behavior\ReadHtmlCacheBehavior [ RunTime:0.000738s ]
INFO: [ app_begin ] --END-- [ RunTime:0.000827s ]
NOTIC: [8192] Function split() is deprecated D:\WWW\_Yueruan\Common\Common\function.php 第 9 行.
INFO: [ app_end ] --START--
INFO: Run Behavior\ShowPageTraceBehavior [ RunTime:0.000931s ]
INFO: [ app_end ] --END-- [ RunTime:0.001071s ]

[ 2015-01-23T23:15:23+08:00 ] 222.186.58.149 /
INFO: [ app_init ] --START--
INFO: Run Behavior\BuildLiteBehavior [ RunTime:0.000022s ]
INFO: [ app_init ] --END-- [ RunTime:0.000122s ]
INFO: [ app_begin ] --START--
INFO: Run Behavior\ReadHtmlCacheBehavior [ RunTime:0.000840s ]
INFO: [ app_begin ] --END-- [ RunTime:0.000935s ]
NOTIC: [8192] Function split() is deprecated D:\WWW\_Yueruan\Common\Common\function.php 第 9 行.
INFO: [ app_end ] --START--
INFO: Run Behavior\ShowPageTraceBehavior [ RunTime:0.000854s ]
INFO: [ app_end ] --END-- [ RunTime:0.000938s ]

[ 2015-01-23T23:15:56+08:00 ] 222.186.58.149 /
INFO: [ app_init ] --START--
INFO: Run Behavior\BuildLiteBehavior [ RunTime:0.000024s ]
INFO: [ app_init ] --END-- [ RunTime:0.000128s ]
INFO: [ app_begin ] --START--
INFO: Run Behavior\ReadHtmlCacheBehavior [ RunTime:0.001384s ]
INFO: [ app_begin ] --END-- [ RunTime:0.001542s ]
NOTIC: [8192] Function split() is deprecated D:\WWW\_Yueruan\Common\Common\function.php 第 9 行.
INFO: [ app_end ] --START--
INFO: Run Behavior\ShowPageTraceBehavior [ RunTime:0.001737s ]
INFO: [ app_end ] --END-- [ RunTime:0.001886s ]

