[ 2015-01-08T17:28:33+08:00 ] 182.254.157.172 http://www.ly.com/
INFO: [ app_init ] --START--
INFO: Run Behavior\BuildLiteBehavior [ RunTime:0.000027s ]
INFO: [ app_init ] --END-- [ RunTime:0.000151s ]
INFO: [ app_begin ] --START--
INFO: Run Behavior\ReadHtmlCacheBehavior [ RunTime:0.010188s ]
INFO: [ app_begin ] --END-- [ RunTime:0.010334s ]
NOTIC: [8192] Function split() is deprecated D:\WWW\_Yueruan\Common\Common\function.php 第 9 行.
INFO: [ app_end ] --START--
INFO: Run Behavior\ShowPageTraceBehavior [ RunTime:0.134622s ]
INFO: [ app_end ] --END-- [ RunTime:0.134773s ]

[ 2015-01-08T20:03:33+08:00 ] 220.181.132.215 /
INFO: [ app_init ] --START--
INFO: Run Behavior\BuildLiteBehavior [ RunTime:0.000046s ]
INFO: [ app_init ] --END-- [ RunTime:0.000385s ]
INFO: [ app_begin ] --START--
INFO: Run Behavior\ReadHtmlCacheBehavior [ RunTime:0.001583s ]
INFO: [ app_begin ] --END-- [ RunTime:0.001776s ]
NOTIC: [8192] Function split() is deprecated D:\WWW\_Yueruan\Common\Common\function.php 第 9 行.
INFO: [ app_end ] --START--
INFO: Run Behavior\ShowPageTraceBehavior [ RunTime:0.001470s ]
INFO: [ app_end ] --END-- [ RunTime:0.001598s ]

[ 2015-01-08T20:04:58+08:00 ] 101.199.108.53 /
INFO: [ app_init ] --START--
INFO: Run Behavior\BuildLiteBehavior [ RunTime:0.000033s ]
INFO: [ app_init ] --END-- [ RunTime:0.000233s ]
INFO: [ app_begin ] --START--
INFO: Run Behavior\ReadHtmlCacheBehavior [ RunTime:0.001723s ]
INFO: [ app_begin ] --END-- [ RunTime:0.002712s ]
NOTIC: [8192] Function split() is deprecated D:\WWW\_Yueruan\Common\Common\function.php 第 9 行.
INFO: [ app_end ] --START--
INFO: Run Behavior\ShowPageTraceBehavior [ RunTime:0.001346s ]
INFO: [ app_end ] --END-- [ RunTime:0.001484s ]

