[ 2015-01-25T00:07:50+08:00 ] 115.159.67.183 http://www.ly.com/
INFO: [ app_init ] --START--
INFO: Run Behavior\BuildLiteBehavior [ RunTime:0.000031s ]
INFO: [ app_init ] --END-- [ RunTime:0.000167s ]
INFO: [ app_begin ] --START--
INFO: Run Behavior\ReadHtmlCacheBehavior [ RunTime:0.001238s ]
INFO: [ app_begin ] --END-- [ RunTime:0.001379s ]
NOTIC: [8192] Function split() is deprecated D:\WWW\_Yueruan\Common\Common\function.php 第 9 行.
INFO: [ app_end ] --START--
INFO: Run Behavior\ShowPageTraceBehavior [ RunTime:0.001208s ]
INFO: [ app_end ] --END-- [ RunTime:0.001334s ]

[ 2015-01-25T01:00:39+08:00 ] 115.159.64.163 http://www.ly.com/
INFO: [ app_init ] --START--
INFO: Run Behavior\BuildLiteBehavior [ RunTime:0.000024s ]
INFO: [ app_init ] --END-- [ RunTime:0.000128s ]
INFO: [ app_begin ] --START--
INFO: Run Behavior\ReadHtmlCacheBehavior [ RunTime:0.000916s ]
INFO: [ app_begin ] --END-- [ RunTime:0.001016s ]
NOTIC: [8192] Function split() is deprecated D:\WWW\_Yueruan\Common\Common\function.php 第 9 行.
INFO: [ app_end ] --START--
INFO: Run Behavior\ShowPageTraceBehavior [ RunTime:0.001003s ]
INFO: [ app_end ] --END-- [ RunTime:0.001098s ]

[ 2015-01-25T01:09:11+08:00 ] 185.35.62.11 /
INFO: [ app_init ] --START--
INFO: Run Behavior\BuildLiteBehavior [ RunTime:0.000032s ]
INFO: [ app_init ] --END-- [ RunTime:0.000191s ]
INFO: [ app_begin ] --START--
INFO: Run Behavior\ReadHtmlCacheBehavior [ RunTime:0.001315s ]
INFO: [ app_begin ] --END-- [ RunTime:0.001501s ]
NOTIC: [8192] Function split() is deprecated D:\WWW\_Yueruan\Common\Common\function.php 第 9 行.
NOTIC: [8] Undefined index: HTTP_USER_AGENT D:\WWW\_Yueruan\Home\Controller\IndexController.class.php 第 10 行.
INFO: [ app_end ] --START--
INFO: Run Behavior\ShowPageTraceBehavior [ RunTime:0.001166s ]
INFO: [ app_end ] --END-- [ RunTime:0.001280s ]

[ 2015-01-25T01:35:30+08:00 ]  
INFO: [ app_init ] --START--
INFO: Run Behavior\BuildLiteBehavior [ RunTime:0.000022s ]
INFO: [ app_init ] --END-- [ RunTime:0.000133s ]
NOTIC: [8] Undefined index: REQUEST_METHOD D:\WWW\_Core\Library\Think\App.class.php 第 31 行.
NOTIC: [8] Undefined index: REQUEST_URI D:\WWW\_Core\Library\Think\Dispatcher.class.php 第 137 行.
NOTIC: [8] Use of undefined constant _PHP_FILE_ - assumed '_PHP_FILE_' D:\WWW\_Core\Library\Think\Dispatcher.class.php 第 189 行.
INFO: [ app_begin ] --START--
INFO: Run Behavior\ReadHtmlCacheBehavior [ RunTime:0.000858s ]
INFO: [ app_begin ] --END-- [ RunTime:0.000947s ]
NOTIC: [8192] Function split() is deprecated D:\WWW\_Yueruan\Common\Common\function.php 第 9 行.
NOTIC: [8] Undefined index: SERVER_SOFTWARE D:\WWW\_Yueruan\Home\Controller\IndexController.class.php 第 8 行.
NOTIC: [8] Undefined index: HTTP_USER_AGENT D:\WWW\_Yueruan\Home\Controller\IndexController.class.php 第 10 行.
INFO: [ app_end ] --START--
INFO: Run Behavior\ShowPageTraceBehavior [ RunTime:0.002242s ]
INFO: [ app_end ] --END-- [ RunTime:0.002388s ]

[ 2015-01-25T14:57:16+08:00 ]  
INFO: [ app_init ] --START--
INFO: Run Behavior\BuildLiteBehavior [ RunTime:0.000022s ]
INFO: [ app_init ] --END-- [ RunTime:0.000129s ]
NOTIC: [8] Undefined index: REQUEST_METHOD D:\WWW\_Core\Library\Think\App.class.php 第 31 行.
NOTIC: [8] Undefined index: REQUEST_URI D:\WWW\_Core\Library\Think\Dispatcher.class.php 第 137 行.
NOTIC: [8] Use of undefined constant _PHP_FILE_ - assumed '_PHP_FILE_' D:\WWW\_Core\Library\Think\Dispatcher.class.php 第 189 行.
INFO: [ app_begin ] --START--
INFO: Run Behavior\ReadHtmlCacheBehavior [ RunTime:0.000848s ]
INFO: [ app_begin ] --END-- [ RunTime:0.000938s ]
INFO: [ view_parse ] --START--
INFO: [ template_filter ] --START--
NOTIC: [8] Use of undefined constant __ROOT__ - assumed '__ROOT__' D:\WWW\_Core\Library\Behavior\ContentReplaceBehavior.class.php 第 31 行.
NOTIC: [8] Use of undefined constant __ROOT__ - assumed '__ROOT__' D:\WWW\_Core\Library\Behavior\ContentReplaceBehavior.class.php 第 38 行.
INFO: Run Behavior\ContentReplaceBehavior [ RunTime:0.000120s ]
INFO: [ template_filter ] --END-- [ RunTime:0.000227s ]
INFO: Run Behavior\ParseTemplateBehavior [ RunTime:0.485995s ]
INFO: [ view_parse ] --END-- [ RunTime:0.486136s ]
INFO: [ view_filter ] --START--
INFO: Run Behavior\WriteHtmlCacheBehavior [ RunTime:0.221266s ]
INFO: [ view_filter ] --END-- [ RunTime:0.221378s ]
INFO: [ app_end ] --START--
INFO: Run Behavior\ShowPageTraceBehavior [ RunTime:0.001234s ]
INFO: [ app_end ] --END-- [ RunTime:0.001373s ]

[ 2015-01-25T14:57:25+08:00 ]  
INFO: [ app_init ] --START--
INFO: Run Behavior\BuildLiteBehavior [ RunTime:0.000024s ]
INFO: [ app_init ] --END-- [ RunTime:0.000133s ]
NOTIC: [8] Undefined index: REQUEST_METHOD D:\WWW\_Core\Library\Think\App.class.php 第 31 行.
NOTIC: [8] Undefined index: REQUEST_URI D:\WWW\_Core\Library\Think\Dispatcher.class.php 第 137 行.
NOTIC: [8] Use of undefined constant _PHP_FILE_ - assumed '_PHP_FILE_' D:\WWW\_Core\Library\Think\Dispatcher.class.php 第 189 行.
INFO: [ app_begin ] --START--
INFO: Run Behavior\ReadHtmlCacheBehavior [ RunTime:0.000836s ]
INFO: [ app_begin ] --END-- [ RunTime:0.000922s ]
ERR: 非法操作:verify

