[ 2015-01-25T00:04:28+08:00 ] 198.154.60.143 //%63%67%69%2D%62%69%6E/%70%68%70?%2D%64+%61%6C%6C%6F%77%5F%75%72%6C%5F%69%6E%63%6C%75%64%65%3D%6F%6E+%2D%64+%73%61%66%65%5F%6D%6F%64%65%3D%6F%66%66+%2D%64+%73%75%68%6F%73%69%6E%2E%73%69%6D%75%6C%61%74%69%6F%6E%3D%6F%6E+%2D%64+%64%69%73%61%62%6C%65%5F%66%75%6E%63%74%69%6F%6E%73%3D%22%22+%2D%64+%6F%70%65%6E%5F%62%61%73%65%64%69%72%3D%6E%6F%6E%65+%2D%64+%61%75%74%6F%5F%70%72%65%70%65%6E%64%5F%66%69%6C%65%3D%70%68%70%3A%2F%2F%69%6E%70%75%74+%2D%64+%63%67%69%2E%66%6F%72%63%65%5F%72%65%64%69%72%65%63%74%3D%30+%2D%64+%63%67%69%2E%72%65%64%69%72%65%63%74%5F%73%74%61%74%75%73%5F%65%6E%76%3D%30+%2D%64+%61%75%74%6F%5F%70%72%65%70%65%6E%64%5F%66%69%6C%65%3D%70%68%70%3A%2F%2F%69%6E%70%75%74+%2D%6E
INFO: [ app_init ] --START--
INFO: Run Behavior\BuildLiteBehavior [ RunTime:0.000022s ]
INFO: [ app_init ] --END-- [ RunTime:0.000119s ]
ERR: 无法加载模块:Cgi-bin

[ 2015-01-25T01:38:33+08:00 ]  
INFO: [ app_init ] --START--
INFO: Run Behavior\BuildLiteBehavior [ RunTime:0.000021s ]
INFO: [ app_init ] --END-- [ RunTime:0.000131s ]
NOTIC: [8] Undefined index: REQUEST_METHOD D:\WWW\_Core\Library\Think\App.class.php 第 31 行.
NOTIC: [8] Undefined index: REQUEST_URI D:\WWW\_Core\Library\Think\Dispatcher.class.php 第 137 行.
ERR: 无法加载模块:--Note

[ 2015-01-25T01:39:00+08:00 ]  
INFO: [ app_init ] --START--
INFO: Run Behavior\BuildLiteBehavior [ RunTime:0.000033s ]
INFO: [ app_init ] --END-- [ RunTime:0.000200s ]
NOTIC: [8] Undefined index: REQUEST_METHOD D:\WWW\_Core\Library\Think\App.class.php 第 31 行.
NOTIC: [8] Undefined index: REQUEST_URI D:\WWW\_Core\Library\Think\Dispatcher.class.php 第 137 行.
ERR: 无法加载模块:--Note

[ 2015-01-25T01:39:28+08:00 ]  
INFO: [ app_init ] --START--
INFO: Run Behavior\BuildLiteBehavior [ RunTime:0.000023s ]
INFO: [ app_init ] --END-- [ RunTime:0.000142s ]
NOTIC: [8] Undefined index: REQUEST_METHOD D:\WWW\_Core\Library\Think\App.class.php 第 31 行.
NOTIC: [8] Undefined index: REQUEST_URI D:\WWW\_Core\Library\Think\Dispatcher.class.php 第 137 行.
ERR: 无法加载模块:--?s=Note

[ 2015-01-25T01:43:58+08:00 ]  
INFO: [ app_init ] --START--
INFO: Run Behavior\BuildLiteBehavior [ RunTime:0.000037s ]
INFO: [ app_init ] --END-- [ RunTime:0.000277s ]
NOTIC: [8] Undefined index: REQUEST_METHOD D:\WWW\_Core\Library\Think\App.class.php 第 31 行.
NOTIC: [8] Undefined index: REQUEST_URI D:\WWW\_Core\Library\Think\Dispatcher.class.php 第 137 行.
ERR: 无法加载模块:Index

[ 2015-01-25T01:44:22+08:00 ]  
INFO: [ app_init ] --START--
INFO: Run Behavior\BuildLiteBehavior [ RunTime:0.000034s ]
INFO: [ app_init ] --END-- [ RunTime:0.000195s ]
NOTIC: [8] Undefined index: REQUEST_METHOD D:\WWW\_Core\Library\Think\App.class.php 第 31 行.
NOTIC: [8] Undefined index: REQUEST_URI D:\WWW\_Core\Library\Think\Dispatcher.class.php 第 137 行.
ERR: 无法加载模块:Index

[ 2015-01-25T14:56:20+08:00 ]  
INFO: [ app_init ] --START--
INFO: Run Behavior\BuildLiteBehavior [ RunTime:0.000031s ]
INFO: [ app_init ] --END-- [ RunTime:0.000167s ]
NOTIC: [8] Undefined index: REQUEST_METHOD D:\WWW\_Core\Library\Think\App.class.php 第 31 行.
NOTIC: [8] Undefined index: REQUEST_URI D:\WWW\_Core\Library\Think\Dispatcher.class.php 第 137 行.
ERR: 无法加载模块:Novel

[ 2015-01-25T14:56:27+08:00 ]  
INFO: [ app_init ] --START--
INFO: Run Behavior\BuildLiteBehavior [ RunTime:0.000023s ]
INFO: [ app_init ] --END-- [ RunTime:0.000142s ]
NOTIC: [8] Undefined index: REQUEST_METHOD D:\WWW\_Core\Library\Think\App.class.php 第 31 行.
NOTIC: [8] Undefined index: REQUEST_URI D:\WWW\_Core\Library\Think\Dispatcher.class.php 第 137 行.
ERR: 无法加载模块:Novol

[ 2015-01-25T14:56:30+08:00 ]  
INFO: [ app_init ] --START--
INFO: Run Behavior\BuildLiteBehavior [ RunTime:0.000021s ]
INFO: [ app_init ] --END-- [ RunTime:0.000132s ]
NOTIC: [8] Undefined index: REQUEST_METHOD D:\WWW\_Core\Library\Think\App.class.php 第 31 行.
NOTIC: [8] Undefined index: REQUEST_URI D:\WWW\_Core\Library\Think\Dispatcher.class.php 第 137 行.
ERR: 无法加载模块:Novels

[ 2015-01-25T14:57:57+08:00 ]  
INFO: [ app_init ] --START--
INFO: Run Behavior\BuildLiteBehavior [ RunTime:0.000031s ]
INFO: [ app_init ] --END-- [ RunTime:0.000174s ]
NOTIC: [8] Undefined index: REQUEST_METHOD D:\WWW\_Core\Library\Think\App.class.php 第 31 行.
NOTIC: [8] Undefined index: REQUEST_URI D:\WWW\_Core\Library\Think\Dispatcher.class.php 第 137 行.
ERR: 无法加载模块:Novels

