[ 2015-03-09T03:17:55+08:00 ] 31.184.194.114 /phppath/cgi_wrapper
INFO: [ app_init ] --START--
INFO: Run Behavior\BuildLiteBehavior [ RunTime:0.000027s ]
INFO: [ app_init ] --END-- [ RunTime:0.000139s ]
ERR: 无法加载模块:Phppath

[ 2015-03-09T03:17:56+08:00 ] 31.184.194.114 /phppath/php
INFO: [ app_init ] --START--
INFO: Run Behavior\BuildLiteBehavior [ RunTime:0.000026s ]
INFO: [ app_init ] --END-- [ RunTime:0.000132s ]
ERR: 无法加载模块:Phppath

[ 2015-03-09T03:17:56+08:00 ] 31.184.194.114 /fcgi-bin/php5.fcgi
INFO: [ app_init ] --START--
INFO: Run Behavior\BuildLiteBehavior [ RunTime:0.000026s ]
INFO: [ app_init ] --END-- [ RunTime:0.000130s ]
ERR: 无法加载模块:Fcgi-bin

[ 2015-03-09T03:17:57+08:00 ] 31.184.194.114 /fcgi-bin/php
INFO: [ app_init ] --START--
INFO: Run Behavior\BuildLiteBehavior [ RunTime:0.000026s ]
INFO: [ app_init ] --END-- [ RunTime:0.000132s ]
ERR: 无法加载模块:Fcgi-bin

[ 2015-03-09T03:18:00+08:00 ] 31.184.194.114 /cgi-mod/php5.cgi
INFO: [ app_init ] --START--
INFO: Run Behavior\BuildLiteBehavior [ RunTime:0.000027s ]
INFO: [ app_init ] --END-- [ RunTime:0.000129s ]
ERR: 无法加载模块:Cgi-mod

[ 2015-03-09T03:18:03+08:00 ] 31.184.194.114 /fcgi-php/php
INFO: [ app_init ] --START--
INFO: Run Behavior\BuildLiteBehavior [ RunTime:0.000033s ]
INFO: [ app_init ] --END-- [ RunTime:0.000145s ]
ERR: 无法加载模块:Fcgi-php

[ 2015-03-09T06:29:17+08:00 ] 188.138.17.205 /robots.txt
INFO: [ app_init ] --START--
INFO: Run Behavior\BuildLiteBehavior [ RunTime:0.000026s ]
INFO: [ app_init ] --END-- [ RunTime:0.000133s ]
ERR: 无法加载模块:Robots

