[ 2015-03-12T00:00:07+08:00 ] 127.0.0.1 /ifr_status/
INFO: [ app_init ] --START--
INFO: Run Behavior\BuildLiteBehavior [ RunTime:0.000033s ]
INFO: [ app_init ] --END-- [ RunTime:0.000989s ]
ERR: 无法加载模块:Ifr_status

[ 2015-03-12T20:34:20+08:00 ] 192.168.1.111 /favicon.ico
INFO: [ app_init ] --START--
INFO: Run Behavior\BuildLiteBehavior [ RunTime:0.000035s ]
INFO: [ app_init ] --END-- [ RunTime:0.000770s ]
ERR: 无法加载模块:Favicon

[ 2015-03-12T20:41:13+08:00 ] 127.0.0.1 /ifr_status/
INFO: [ app_init ] --START--
INFO: Run Behavior\BuildLiteBehavior [ RunTime:0.000030s ]
INFO: [ app_init ] --END-- [ RunTime:0.000781s ]
ERR: 无法加载模块:Ifr_status

[ 2015-03-12T20:42:02+08:00 ] 127.0.0.1 /ifr_status/
INFO: [ app_init ] --START--
INFO: Run Behavior\BuildLiteBehavior [ RunTime:0.000044s ]
INFO: [ app_init ] --END-- [ RunTime:0.001163s ]
ERR: 无法加载模块:Ifr_status

[ 2015-03-12T21:12:02+08:00 ] 127.0.0.1 /ifr_status/
INFO: [ app_init ] --START--
INFO: Run Behavior\BuildLiteBehavior [ RunTime:0.000054s ]
INFO: [ app_init ] --END-- [ RunTime:0.004299s ]
ERR: 无法加载模块:Ifr_status

[ 2015-03-12T21:42:02+08:00 ] 127.0.0.1 /ifr_status/
INFO: [ app_init ] --START--
INFO: Run Behavior\BuildLiteBehavior [ RunTime:0.000048s ]
INFO: [ app_init ] --END-- [ RunTime:0.001015s ]
ERR: 无法加载模块:Ifr_status

[ 2015-03-12T22:12:55+08:00 ] 127.0.0.1 /ifr_status/
INFO: [ app_init ] --START--
INFO: Run Behavior\BuildLiteBehavior [ RunTime:0.000031s ]
INFO: [ app_init ] --END-- [ RunTime:0.000777s ]
ERR: 无法加载模块:Ifr_status

